<?xml version="1.0" encoding="UTF-8"?>
<!-- Generated by org.testng.reporters.JUnitXMLReporter -->
<testsuite hostname="LAPTOP-CND0JEEU" ignored="0" name="Surefire test" tests="2" failures="0" timestamp="2021-05-11T21:13:54 EDT" time="6.852" errors="0">
  <testcase name="runScenario" time="4.152" classname="io.cucumber.testng.AbstractTestNGCucumberTests"/>
  <testcase name="runScenario" time="2.313" classname="io.cucumber.testng.AbstractTestNGCucumberTests"/>
</testsuite> <!-- Surefire test -->
