<?xml version="1.0" encoding="UTF-8"?>
<testng-results skipped="0" failed="0" ignored="0" total="3" passed="3">
  <reporter-output>
  </reporter-output>
  <suite name="Surefire suite" duration-ms="12127" started-at="2021-05-12T13:29:41 EDT" finished-at="2021-05-12T13:29:53 EDT">
    <groups>
      <group name="cucumber">
        <method signature="AbstractTestNGCucumberTests.runScenario(io.cucumber.testng.PickleWrapper, io.cucumber.testng.FeatureWrapper)[pri:0, instance:TestRunner@2b9627bc]" name="runScenario" class="io.cucumber.testng.AbstractTestNGCucumberTests"/>
      </group> <!-- cucumber -->
    </groups>
    <test name="Surefire test" duration-ms="12127" started-at="2021-05-12T13:29:41 EDT" finished-at="2021-05-12T13:29:53 EDT">
      <class name="TestRunner">
        <test-method status="PASS" signature="setUpClass()[pri:0, instance:TestRunner@2b9627bc]" name="setUpClass" is-config="true" duration-ms="312" started-at="2021-05-12T13:29:41 EDT" finished-at="2021-05-12T13:29:41 EDT">
          <reporter-output>
          </reporter-output>
        </test-method> <!-- setUpClass -->
        <test-method status="PASS" signature="runScenario(io.cucumber.testng.PickleWrapper, io.cucumber.testng.FeatureWrapper)[pri:0, instance:TestRunner@2b9627bc]" name="runScenario" duration-ms="4505" started-at="2021-05-12T13:29:41 EDT" description="Runs Cucumber Scenarios" data-provider="scenarios" finished-at="2021-05-12T13:29:46 EDT">
          <params>
            <param index="0">
              <value>
                <![CDATA["verify place holder for userName and Password"]]>
              </value>
            </param>
            <param index="1">
              <value>
                <![CDATA["Optional[login]"]]>
              </value>
            </param>
          </params>
          <reporter-output>
          </reporter-output>
        </test-method> <!-- runScenario -->
        <test-method status="PASS" signature="runScenario(io.cucumber.testng.PickleWrapper, io.cucumber.testng.FeatureWrapper)[pri:0, instance:TestRunner@2b9627bc]" name="runScenario" duration-ms="3979" started-at="2021-05-12T13:29:46 EDT" description="Runs Cucumber Scenarios" data-provider="scenarios" finished-at="2021-05-12T13:29:50 EDT">
          <params>
            <param index="0">
              <value>
                <![CDATA["login with valid email and passwod"]]>
              </value>
            </param>
            <param index="1">
              <value>
                <![CDATA["Optional[login]"]]>
              </value>
            </param>
          </params>
          <reporter-output>
          </reporter-output>
        </test-method> <!-- runScenario -->
        <test-method status="PASS" signature="runScenario(io.cucumber.testng.PickleWrapper, io.cucumber.testng.FeatureWrapper)[pri:0, instance:TestRunner@2b9627bc]" name="runScenario" duration-ms="3123" started-at="2021-05-12T13:29:50 EDT" description="Runs Cucumber Scenarios" data-provider="scenarios" finished-at="2021-05-12T13:29:53 EDT">
          <params>
            <param index="0">
              <value>
                <![CDATA["login with thirdParty application"]]>
              </value>
            </param>
            <param index="1">
              <value>
                <![CDATA["Optional[login]"]]>
              </value>
            </param>
          </params>
          <reporter-output>
          </reporter-output>
        </test-method> <!-- runScenario -->
        <test-method status="PASS" signature="tearDownClass()[pri:0, instance:TestRunner@2b9627bc]" name="tearDownClass" is-config="true" duration-ms="156" started-at="2021-05-12T13:29:53 EDT" finished-at="2021-05-12T13:29:53 EDT">
          <reporter-output>
          </reporter-output>
        </test-method> <!-- tearDownClass -->
      </class> <!-- TestRunner -->
    </test> <!-- Surefire test -->
  </suite> <!-- Surefire suite -->
</testng-results>
