<?xml version="1.0" encoding="UTF-8"?>
<testng-results skipped="0" failed="0" ignored="0" total="2" passed="2">
  <reporter-output>
  </reporter-output>
  <suite name="Surefire suite" duration-ms="6852" started-at="2021-05-11T21:13:47 EDT" finished-at="2021-05-11T21:13:54 EDT">
    <groups>
      <group name="cucumber">
        <method signature="AbstractTestNGCucumberTests.runScenario(io.cucumber.testng.PickleWrapper, io.cucumber.testng.FeatureWrapper)[pri:0, instance:TestRunner@2b9627bc]" name="runScenario" class="io.cucumber.testng.AbstractTestNGCucumberTests"/>
      </group> <!-- cucumber -->
    </groups>
    <test name="Surefire test" duration-ms="6852" started-at="2021-05-11T21:13:47 EDT" finished-at="2021-05-11T21:13:54 EDT">
      <class name="TestRunner">
        <test-method status="PASS" signature="setUpClass()[pri:0, instance:TestRunner@2b9627bc]" name="setUpClass" is-config="true" duration-ms="250" started-at="2021-05-11T21:13:47 EDT" finished-at="2021-05-11T21:13:47 EDT">
          <reporter-output>
          </reporter-output>
        </test-method> <!-- setUpClass -->
        <test-method status="PASS" signature="runScenario(io.cucumber.testng.PickleWrapper, io.cucumber.testng.FeatureWrapper)[pri:0, instance:TestRunner@2b9627bc]" name="runScenario" duration-ms="4152" started-at="2021-05-11T21:13:47 EDT" description="Runs Cucumber Scenarios" data-provider="scenarios" finished-at="2021-05-11T21:13:52 EDT">
          <params>
            <param index="0">
              <value>
                <![CDATA["login with valid email and passwod"]]>
              </value>
            </param>
            <param index="1">
              <value>
                <![CDATA["Optional[login]"]]>
              </value>
            </param>
          </params>
          <reporter-output>
          </reporter-output>
        </test-method> <!-- runScenario -->
        <test-method status="PASS" signature="runScenario(io.cucumber.testng.PickleWrapper, io.cucumber.testng.FeatureWrapper)[pri:0, instance:TestRunner@2b9627bc]" name="runScenario" duration-ms="2313" started-at="2021-05-11T21:13:52 EDT" description="Runs Cucumber Scenarios" data-provider="scenarios" finished-at="2021-05-11T21:13:54 EDT">
          <params>
            <param index="0">
              <value>
                <![CDATA["login with thirdParty application"]]>
              </value>
            </param>
            <param index="1">
              <value>
                <![CDATA["Optional[login]"]]>
              </value>
            </param>
          </params>
          <reporter-output>
          </reporter-output>
        </test-method> <!-- runScenario -->
        <test-method status="PASS" signature="tearDownClass()[pri:0, instance:TestRunner@2b9627bc]" name="tearDownClass" is-config="true" duration-ms="98" started-at="2021-05-11T21:13:54 EDT" finished-at="2021-05-11T21:13:54 EDT">
          <reporter-output>
          </reporter-output>
        </test-method> <!-- tearDownClass -->
      </class> <!-- TestRunner -->
    </test> <!-- Surefire test -->
  </suite> <!-- Surefire suite -->
</testng-results>
